<?xml version="1.0" encoding="UTF-8"?>
<testng-results ignored="0" total="1" passed="1" failed="0" skipped="0">
  <reporter-output>
  </reporter-output>
  <suite started-at="2022-03-11T12:52:48 IST" name="Failed suite [Failed suite [Suite]]" finished-at="2022-03-11T12:54:07 IST" duration-ms="78482">
    <groups>
    </groups>
    <test started-at="2022-03-11T12:52:48 IST" name="EdgeTest(failed)(failed)" finished-at="2022-03-11T12:54:07 IST" duration-ms="78482">
      <class name="testKart.FlipKartTestNg">
        <test-method is-config="true" signature="launchBrowser(java.lang.String)[pri:0, instance:testKart.FlipKartTestNg@41fbdac4]" started-at="2022-03-11T12:52:48 IST" name="launchBrowser" finished-at="2022-03-11T12:52:53 IST" duration-ms="4347" status="PASS">
          <params>
            <param index="0">
              <value>
                <![CDATA[Edge]]>
              </value>
            </param>
          </params>
          <reporter-output>
          </reporter-output>
        </test-method> <!-- launchBrowser -->
        <test-method is-config="true" signature="ceateObject()[pri:0, instance:testKart.FlipKartTestNg@41fbdac4]" started-at="2022-03-11T12:52:53 IST" name="ceateObject" finished-at="2022-03-11T12:52:53 IST" duration-ms="61" status="PASS">
          <reporter-output>
          </reporter-output>
        </test-method> <!-- ceateObject -->
        <test-method is-config="true" signature="loginToFlipKartApplication()[pri:0, instance:testKart.FlipKartTestNg@41fbdac4]" started-at="2022-03-11T12:52:53 IST" name="loginToFlipKartApplication" finished-at="2022-03-11T12:53:05 IST" duration-ms="11764" status="PASS">
          <reporter-output>
          </reporter-output>
        </test-method> <!-- loginToFlipKartApplication -->
        <test-method signature="flipKartMainWindow()[pri:0, instance:testKart.FlipKartTestNg@41fbdac4]" started-at="2022-03-11T12:53:05 IST" name="flipKartMainWindow" finished-at="2022-03-11T12:53:53 IST" duration-ms="48517" status="PASS">
          <reporter-output>
          </reporter-output>
        </test-method> <!-- flipKartMainWindow -->
        <test-method is-config="true" signature="logOut(org.testng.ITestResult)[pri:0, instance:testKart.FlipKartTestNg@41fbdac4]" started-at="2022-03-11T12:53:53 IST" name="logOut" finished-at="2022-03-11T12:54:06 IST" duration-ms="12433" status="PASS">
          <params>
            <param index="0">
              <value>
                <![CDATA[[TestResult name=flipKartMainWindow status=SUCCESS method=FlipKartTestNg.flipKartMainWindow()[pri:0, instance:testKart.FlipKartTestNg@41fbdac4] output={null}]]]>
              </value>
            </param>
          </params>
          <reporter-output>
          </reporter-output>
        </test-method> <!-- logOut -->
        <test-method is-config="true" signature="clearPOMObject()[pri:0, instance:testKart.FlipKartTestNg@41fbdac4]" started-at="2022-03-11T12:54:06 IST" name="clearPOMObject" finished-at="2022-03-11T12:54:06 IST" duration-ms="0" status="PASS">
          <reporter-output>
          </reporter-output>
        </test-method> <!-- clearPOMObject -->
        <test-method is-config="true" signature="closeBrowser()[pri:0, instance:testKart.FlipKartTestNg@41fbdac4]" started-at="2022-03-11T12:54:06 IST" name="closeBrowser" finished-at="2022-03-11T12:54:07 IST" duration-ms="1288" status="PASS">
          <reporter-output>
          </reporter-output>
        </test-method> <!-- closeBrowser -->
      </class> <!-- testKart.FlipKartTestNg -->
    </test> <!-- EdgeTest(failed)(failed) -->
  </suite> <!-- Failed suite [Failed suite [Suite]] -->
</testng-results>
